\BOOKMARK [0][-]{title.0}{封面}{}% 1
\BOOKMARK [0][-]{chapter*.1}{摘要}{}% 2
\BOOKMARK [0][-]{chapter*.2}{Abstract}{}% 3
\BOOKMARK [0][-]{toc.0}{目录}{}% 4
\BOOKMARK [0][-]{chapter.1}{绪论}{}% 5
\BOOKMARK [1][-]{section.1.1}{课题的研究背景}{chapter.1}% 6
\BOOKMARK [1][-]{section.1.2}{国内外开发中使用框架的现状与发展趋势}{chapter.1}% 7
\BOOKMARK [1][-]{section.1.3}{论文研究目标和主要工作}{chapter.1}% 8
\BOOKMARK [0][-]{chapter.2}{ThinkPHP 框架开发的关键技术}{}% 9
\BOOKMARK [1][-]{section.2.1}{框架基本设计思想及项目编译机制}{chapter.2}% 10
\BOOKMARK [1][-]{section.2.2}{XAMPP框架构简介}{chapter.2}% 11
\BOOKMARK [2][-]{subsection.2.2.1}{Window操作系统介绍}{section.2.2}% 12
\BOOKMARK [2][-]{subsection.2.2.2}{Apache服务器介绍}{section.2.2}% 13
\BOOKMARK [2][-]{subsection.2.2.3}{MYSQL数据库介绍}{section.2.2}% 14
\BOOKMARK [2][-]{subsection.2.2.4}{PHP介绍}{section.2.2}% 15
\BOOKMARK [2][-]{subsection.2.2.5}{ThinkPHP框架的平台}{section.2.2}% 16
\BOOKMARK [0][-]{chapter.3}{研究院网站分析与设计}{}% 17
\BOOKMARK [1][-]{section.3.1}{框架基本设计思想及项目编译机制}{chapter.3}% 18
\BOOKMARK [1][-]{section.3.2}{XAMPP框架构简介}{chapter.3}% 19
\BOOKMARK [2][-]{subsection.3.2.1}{Window操作系统介绍}{section.3.2}% 20
\BOOKMARK [2][-]{subsection.3.2.2}{Apache服务器介绍}{section.3.2}% 21
\BOOKMARK [2][-]{subsection.3.2.3}{MYSQL数据库介绍}{section.3.2}% 22
\BOOKMARK [2][-]{subsection.3.2.4}{PHP介绍}{section.3.2}% 23
\BOOKMARK [2][-]{subsection.3.2.5}{ThinkPHP框架的平台}{section.3.2}% 24
\BOOKMARK [0][-]{chapter.4}{研究院网站实现}{}% 25
\BOOKMARK [1][-]{section.4.1}{框架基本设计思想及项目编译机制}{chapter.4}% 26
\BOOKMARK [1][-]{section.4.2}{XAMPP框架构简介}{chapter.4}% 27
\BOOKMARK [2][-]{subsection.4.2.1}{Window操作系统介绍}{section.4.2}% 28
\BOOKMARK [2][-]{subsection.4.2.2}{Apache服务器介绍}{section.4.2}% 29
\BOOKMARK [2][-]{subsection.4.2.3}{MYSQL数据库介绍}{section.4.2}% 30
\BOOKMARK [2][-]{subsection.4.2.4}{PHP介绍}{section.4.2}% 31
\BOOKMARK [2][-]{subsection.4.2.5}{ThinkPHP框架的平台}{section.4.2}% 32
\BOOKMARK [0][-]{chapter.5}{结束语及展望}{}% 33
\BOOKMARK [1][-]{section.5.1}{框架基本设计思想及项目编译机制}{chapter.5}% 34
\BOOKMARK [1][-]{section.5.2}{XAMPP框架构简介}{chapter.5}% 35
\BOOKMARK [2][-]{subsection.5.2.1}{Window操作系统介绍}{section.5.2}% 36
\BOOKMARK [2][-]{subsection.5.2.2}{Apache服务器介绍}{section.5.2}% 37
\BOOKMARK [2][-]{subsection.5.2.3}{MYSQL数据库介绍}{section.5.2}% 38
\BOOKMARK [2][-]{subsection.5.2.4}{PHP介绍}{section.5.2}% 39
\BOOKMARK [2][-]{subsection.5.2.5}{ThinkPHP框架的平台}{section.5.2}% 40
\BOOKMARK [0][-]{chapter*.4}{致谢}{}% 41
\BOOKMARK [0][-]{section*.5}{参考文献}{}% 42
